<?xml version="1.0" encoding="UTF-8"?>
<coverage generated="1725337359270" clover="3.2.0">
  <project timestamp="1725337359270" name="All files">
    <metrics statements="24" coveredstatements="4" conditionals="4" coveredconditionals="0" methods="5" coveredmethods="2" elements="33" coveredelements="6" complexity="0" loc="24" ncloc="24" packages="1" files="2" classes="2"/>
    <file name="Board.js" path="C:\Users\Artem\Desktop\Events\src\js\Board.js">
      <metrics statements="15" coveredstatements="2" conditionals="2" coveredconditionals="0" methods="3" coveredmethods="1"/>
      <line num="3" count="1" type="stmt"/>
      <line num="4" count="1" type="stmt"/>
      <line num="8" count="0" type="stmt"/>
      <line num="9" count="0" type="stmt"/>
      <line num="11" count="0" type="stmt"/>
      <line num="12" count="0" type="stmt"/>
      <line num="14" count="0" type="stmt"/>
      <line num="15" count="0" type="stmt"/>
      <line num="19" count="0" type="stmt"/>
      <line num="20" count="0" type="stmt"/>
      <line num="24" count="0" type="stmt"/>
      <line num="25" count="0" type="stmt"/>
      <line num="26" count="0" type="stmt"/>
      <line num="27" count="0" type="stmt"/>
      <line num="37" count="0" type="stmt"/>
    </file>
    <file name="Goblin.js" path="C:\Users\Artem\Desktop\Events\src\js\Goblin.js">
      <metrics statements="9" coveredstatements="2" conditionals="2" coveredconditionals="0" methods="2" coveredmethods="1"/>
      <line num="3" count="1" type="stmt"/>
      <line num="4" count="1" type="stmt"/>
      <line num="8" count="0" type="stmt"/>
      <line num="10" count="0" type="stmt"/>
      <line num="11" count="0" type="cond" truecount="0" falsecount="2"/>
      <line num="12" count="0" type="stmt"/>
      <line num="13" count="0" type="stmt"/>
      <line num="16" count="0" type="stmt"/>
      <line num="17" count="0" type="stmt"/>
    </file>
  </project>
</coverage>
